<?xml version="1.0" encoding="UTF-8"?>
<!-- Generated by org.testng.reporters.JUnitReportReporter -->
<testsuite hostname="Daniel-PC" failures="0" tests="1" name="ultraautomationtesting.CreateTest" time="57.852" errors="0" timestamp="07 mar 2024 03:23:59 GMT" skipped="0">
  <testcase classname="ultraautomationtesting.CreateTest" name="loginUltra" time="57.852"/>
</testsuite> <!-- ultraautomationtesting.CreateTest -->
